<?xml version="1.0" encoding="UTF-8"?>
<testng-results skipped="0" failed="0" total="1" passed="1">
  <reporter-output>
  </reporter-output>
  <suite name="Default suite" duration-ms="41861" started-at="2016-05-31T09:42:17Z" finished-at="2016-05-31T09:42:59Z">
    <groups>
    </groups>
    <test name="Default test" duration-ms="41861" started-at="2016-05-31T09:42:17Z" finished-at="2016-05-31T09:42:59Z">
      <class name="com.alibaba.webx.MyWebxTest.myWebX.module.service.impl.AddressServiceImplTest">
        <test-method status="PASS" signature="getAllProvince()[pri:0, instance:com.alibaba.webx.MyWebxTest.myWebX.module.service.impl.AddressServiceImplTest@37271612]" name="getAllProvince" duration-ms="41843" started-at="2016-05-31T17:42:17Z" finished-at="2016-05-31T17:42:59Z">
          <reporter-output>
          </reporter-output>
        </test-method> <!-- getAllProvince -->
      </class> <!-- com.alibaba.webx.MyWebxTest.myWebX.module.service.impl.AddressServiceImplTest -->
    </test> <!-- Default test -->
  </suite> <!-- Default suite -->
</testng-results>
